
Profiling started at Wed Dec  4 16:29:18 2024
Profiling stopped at Wed Dec  4 16:29:19 2024

-- OProfile/operf Statistics --
Nr. non-backtrace samples: 24
Nr. kernel samples: 0
Nr. user space samples: 24
Nr. samples lost due to sample address not in expected range for domain: 0
Nr. lost kernel samples: 0
Nr. samples lost due to sample file open failure: 0
Nr. samples lost due to no permanent mapping: 0
Nr. user context kernel samples lost due to no app info available: 0
Nr. user samples lost due to no app info available: 0
Nr. backtraces skipped due to no file mapping: 0
Nr. hypervisor samples dropped due to address out-of-range: 0
Nr. samples lost reported by perf_events kernel: 0

Profiling started at Wed Dec  4 16:33:16 2024
Profiling stopped at Wed Dec  4 16:33:16 2024

-- OProfile/operf Statistics --
Nr. non-backtrace samples: 10
Nr. kernel samples: 0
Nr. user space samples: 10
Nr. samples lost due to sample address not in expected range for domain: 0
Nr. lost kernel samples: 0
Nr. samples lost due to sample file open failure: 0
Nr. samples lost due to no permanent mapping: 0
Nr. user context kernel samples lost due to no app info available: 0
Nr. user samples lost due to no app info available: 0
Nr. backtraces skipped due to no file mapping: 0
Nr. hypervisor samples dropped due to address out-of-range: 0
Nr. samples lost reported by perf_events kernel: 0

Profiling started at Wed Dec  4 16:54:06 2024
Profiling stopped at Wed Dec  4 16:54:06 2024

-- OProfile/operf Statistics --
Nr. non-backtrace samples: 10
Nr. kernel samples: 0
Nr. user space samples: 10
Nr. samples lost due to sample address not in expected range for domain: 0
Nr. lost kernel samples: 0
Nr. samples lost due to sample file open failure: 0
Nr. samples lost due to no permanent mapping: 0
Nr. user context kernel samples lost due to no app info available: 0
Nr. user samples lost due to no app info available: 0
Nr. backtraces skipped due to no file mapping: 0
Nr. hypervisor samples dropped due to address out-of-range: 0
Nr. samples lost reported by perf_events kernel: 0

Profiling started at Wed Dec  4 17:31:39 2024
Profiling stopped at Wed Dec  4 17:31:47 2024

-- OProfile/operf Statistics --
Nr. non-backtrace samples: 62648
Nr. kernel samples: 1
Nr. user space samples: 62647
Nr. samples lost due to sample address not in expected range for domain: 0
Nr. lost kernel samples: 0
Nr. samples lost due to sample file open failure: 0
Nr. samples lost due to no permanent mapping: 0
Nr. user context kernel samples lost due to no app info available: 0
Nr. user samples lost due to no app info available: 0
Nr. backtraces skipped due to no file mapping: 0
Nr. hypervisor samples dropped due to address out-of-range: 0
Nr. samples lost reported by perf_events kernel: 0

Profiling started at Wed Dec  4 17:32:30 2024
Profiling stopped at Wed Dec  4 17:32:58 2024

-- OProfile/operf Statistics --
Nr. non-backtrace samples: 206970
Nr. kernel samples: 0
Nr. user space samples: 206970
Nr. samples lost due to sample address not in expected range for domain: 0
Nr. lost kernel samples: 0
Nr. samples lost due to sample file open failure: 0
Nr. samples lost due to no permanent mapping: 0
Nr. user context kernel samples lost due to no app info available: 0
Nr. user samples lost due to no app info available: 0
Nr. backtraces skipped due to no file mapping: 0
Nr. hypervisor samples dropped due to address out-of-range: 0
Nr. samples lost reported by perf_events kernel: 0

Profiling started at Wed Dec  4 17:37:33 2024
Profiling stopped at Wed Dec  4 17:38:00 2024

-- OProfile/operf Statistics --
Nr. non-backtrace samples: 206970
Nr. kernel samples: 0
Nr. user space samples: 206970
Nr. samples lost due to sample address not in expected range for domain: 0
Nr. lost kernel samples: 0
Nr. samples lost due to sample file open failure: 0
Nr. samples lost due to no permanent mapping: 0
Nr. user context kernel samples lost due to no app info available: 0
Nr. user samples lost due to no app info available: 0
Nr. backtraces skipped due to no file mapping: 0
Nr. hypervisor samples dropped due to address out-of-range: 0
Nr. samples lost reported by perf_events kernel: 0
